<?xml version="1.0" encoding="UTF-8"?>
<testng-results ignored="0" total="1" passed="1" failed="0" skipped="0">
  <reporter-output>
  </reporter-output>
  <suite started-at="2024-08-04T20:58:21 BDT" name="Surefire suite" finished-at="2024-08-04T21:01:19 BDT" duration-ms="178021">
    <groups>
    </groups>
    <test started-at="2024-08-04T20:58:21 BDT" name="Surefire test" finished-at="2024-08-04T21:01:19 BDT" duration-ms="178021">
      <class name="tests.WikiTest">
        <test-method is-config="true" signature="setup()[pri:0, instance:tests.WikiTest@4fe767f3]" started-at="2024-08-04T20:58:21 BDT" name="setup" finished-at="2024-08-04T21:01:04 BDT" duration-ms="163041" status="PASS">
          <reporter-output>
          </reporter-output>
        </test-method> <!-- setup -->
        <test-method signature="wikiTest()[pri:0, instance:tests.WikiTest@4fe767f3]" started-at="2024-08-04T21:01:04 BDT" name="wikiTest" finished-at="2024-08-04T21:01:19 BDT" duration-ms="14779" status="PASS">
          <reporter-output>
          </reporter-output>
        </test-method> <!-- wikiTest -->
        <test-method is-config="true" signature="teardown()[pri:0, instance:tests.WikiTest@4fe767f3]" started-at="2024-08-04T21:01:19 BDT" name="teardown" finished-at="2024-08-04T21:01:19 BDT" duration-ms="170" status="PASS">
          <reporter-output>
          </reporter-output>
        </test-method> <!-- teardown -->
      </class> <!-- tests.WikiTest -->
    </test> <!-- Surefire test -->
  </suite> <!-- Surefire suite -->
</testng-results>
